<?xml version="1.0" encoding="UTF-8"?>
<!-- Generated by org.testng.reporters.JUnitReportReporter -->
<testsuite hostname="BOOK-4QTRLAP57K" failures="0" tests="2" name="testNGPackage.TestNGSample" time="0.024" errors="0" timestamp="2025-04-10T11:54:54 IST" skipped="0">
  <testcase classname="testNGPackage.TestNGSample" name="print" time="0.005"/>
  <system-out/>
  <testcase classname="testNGPackage.TestNGSample" name="display" time="0.019"/>
  <system-out/>
</testsuite> <!-- testNGPackage.TestNGSample -->
