<?xml version="1.0" encoding="UTF-8"?>
<!-- Generated by org.testng.reporters.JUnitReportReporter -->
<testsuite hostname="BOOK-4QTRLAP57K" failures="0" tests="1" name="testNGPackage.TestNGClass" time="5.904" errors="0" timestamp="2025-04-10T10:00:35 IST" skipped="0">
  <testcase classname="testNGPackage.TestNGClass" name="test" time="5.904"/>
  <system-out/>
</testsuite> <!-- testNGPackage.TestNGClass -->
