<?xml version="1.0" encoding="UTF-8"?>
<!-- Generated by org.testng.reporters.JUnitReportReporter -->
<testsuite hostname="BOOK-4QTRLAP57K" failures="0" tests="2" name="testNGPackage.SampleAnnotationsCls" time="0.014" errors="0" timestamp="2025-05-11T19:00:01 IST" skipped="0">
  <testcase classname="testNGPackage.SampleAnnotationsCls" name="dis2" time="0.004"/>
  <system-out/>
  <testcase classname="testNGPackage.SampleAnnotationsCls" name="dis1" time="0.010"/>
  <system-out/>
</testsuite> <!-- testNGPackage.SampleAnnotationsCls -->
