<?xml version="1.0" encoding="UTF-8"?>
<!-- Generated by org.testng.reporters.JUnitReportReporter -->
<testsuite hostname="BOOK-4QTRLAP57K" failures="0" tests="2" name="testNGPackage.TestNGTwo" time="0.015" errors="0" timestamp="2025-04-10T12:06:30 IST" skipped="0">
  <testcase classname="testNGPackage.TestNGTwo" name="sample2" time="0.002"/>
  <system-out/>
  <testcase classname="testNGPackage.TestNGTwo" name="sample1" time="0.013"/>
  <system-out/>
</testsuite> <!-- testNGPackage.TestNGTwo -->
